TN:
SF:/Users/marquezc/Documents/projects/personal/zm-test/src/polyfills.ts
FNF:0
FNH:0
DA:46,1
DA:74,1
LF:2
LH:2
BRF:0
BRH:0
end_of_record
TN:
SF:/Users/marquezc/Documents/projects/personal/zm-test/src/test.ts
FNF:0
FNH:0
DA:3,1
DA:4,1
DA:5,1
DA:13,1
DA:18,1
DA:20,1
LF:6
LH:6
BRF:0
BRH:0
end_of_record
TN:
SF:/Users/marquezc/Documents/projects/personal/zm-test/src/app/app.component.ts
FN:8,(anonymous_1)
FNF:1
FNH:1
FNDA:2,(anonymous_1)
DA:1,1
DA:8,1
LF:2
LH:2
BRF:0
BRH:0
end_of_record
TN:
SF:/Users/marquezc/Documents/projects/personal/zm-test/src/app/archetypes/days-countdown/days-countdown.component.ts
FN:9,(anonymous_2)
FN:4,DaysCountdownComponent
FN:15,(anonymous_4)
FN:18,(anonymous_5)
FN:29,(anonymous_6)
FNF:5
FNH:1
FNDA:1,(anonymous_2)
FNDA:0,DaysCountdownComponent
FNDA:0,(anonymous_4)
FNDA:0,(anonymous_5)
FNDA:0,(anonymous_6)
DA:1,1
DA:9,1
DA:10,1
DA:11,0
DA:15,1
DA:16,0
DA:18,1
DA:19,0
DA:20,0
DA:21,0
DA:22,0
DA:23,0
DA:25,0
DA:26,0
DA:29,1
DA:30,0
DA:31,0
DA:33,0
DA:35,1
LF:19
LH:7
BRF:0
BRH:0
end_of_record
TN:
SF:/Users/marquezc/Documents/projects/personal/zm-test/src/app/archetypes/header/header.component.ts
FN:8,(anonymous_2)
FN:10,HeaderComponent
FN:12,(anonymous_4)
FNF:3
FNH:1
FNDA:1,(anonymous_2)
FNDA:0,HeaderComponent
FNDA:0,(anonymous_4)
DA:1,1
DA:8,1
DA:12,1
DA:15,1
LF:4
LH:4
BRF:0
BRH:0
end_of_record
TN:
SF:/Users/marquezc/Documents/projects/personal/zm-test/src/app/archetypes/header-card/header-card.component.ts
FN:10,(anonymous_2)
FN:12,HeaderCardComponent
FN:14,(anonymous_4)
FN:16,(anonymous_5)
FNF:4
FNH:1
FNDA:1,(anonymous_2)
FNDA:0,HeaderCardComponent
FNDA:0,(anonymous_4)
FNDA:0,(anonymous_5)
DA:1,1
DA:3,1
DA:10,1
DA:11,1
DA:12,0
DA:14,1
DA:16,1
DA:21,0
DA:26,1
LF:9
LH:7
BRF:0
BRH:0
end_of_record
TN:
SF:/Users/marquezc/Documents/projects/personal/zm-test/src/app/archetypes/main-quote/main-quote.component.ts
FN:8,(anonymous_2)
FN:10,MainQuoteComponent
FN:12,(anonymous_4)
FNF:3
FNH:1
FNDA:1,(anonymous_2)
FNDA:0,MainQuoteComponent
FNDA:0,(anonymous_4)
DA:1,1
DA:8,1
DA:12,1
DA:15,1
LF:4
LH:4
BRF:0
BRH:0
end_of_record
TN:
SF:/Users/marquezc/Documents/projects/personal/zm-test/src/app/archetypes/submit-name/submit-name.component.ts
FN:8,(anonymous_2)
FN:10,SubmitNameComponent
FN:12,(anonymous_4)
FNF:3
FNH:1
FNDA:1,(anonymous_2)
FNDA:0,SubmitNameComponent
FNDA:0,(anonymous_4)
DA:1,1
DA:8,1
DA:12,1
DA:15,1
LF:4
LH:4
BRF:0
BRH:0
end_of_record
TN:
SF:/Users/marquezc/Documents/projects/personal/zm-test/src/app/archetypes/vote/vote.component.ts
FN:10,(anonymous_2)
FN:20,VoteComponent
FN:22,(anonymous_4)
FN:27,(anonymous_5)
FN:31,(anonymous_6)
FN:38,(anonymous_7)
FN:43,(anonymous_8)
FN:51,(anonymous_9)
FNF:8
FNH:1
FNDA:1,(anonymous_2)
FNDA:0,VoteComponent
FNDA:0,(anonymous_4)
FNDA:0,(anonymous_5)
FNDA:0,(anonymous_6)
FNDA:0,(anonymous_7)
FNDA:0,(anonymous_8)
FNDA:0,(anonymous_9)
DA:1,1
DA:2,1
DA:10,1
DA:18,1
DA:20,0
DA:22,1
DA:23,0
DA:24,0
DA:27,1
DA:28,0
DA:31,1
DA:32,0
DA:33,0
DA:34,0
DA:38,1
DA:39,0
DA:40,0
DA:43,1
DA:48,0
DA:51,1
DA:52,0
DA:53,0
DA:54,0
DA:56,0
DA:62,1
LF:25
LH:11
BRDA:32,0,0,0
BRDA:32,0,1,0
BRF:2
BRH:0
end_of_record
TN:
SF:/Users/marquezc/Documents/projects/personal/zm-test/src/app/containers/content/content.component.ts
FN:8,(anonymous_2)
FN:10,ContentComponent
FN:12,(anonymous_4)
FNF:3
FNH:1
FNDA:1,(anonymous_2)
FNDA:0,ContentComponent
FNDA:0,(anonymous_4)
DA:1,1
DA:8,1
DA:12,1
DA:15,1
LF:4
LH:4
BRF:0
BRH:0
end_of_record
TN:
SF:/Users/marquezc/Documents/projects/personal/zm-test/src/app/containers/footer/footer.component.ts
FN:8,(anonymous_2)
FN:10,FooterComponent
FN:12,(anonymous_4)
FNF:3
FNH:1
FNDA:1,(anonymous_2)
FNDA:0,FooterComponent
FNDA:0,(anonymous_4)
DA:1,1
DA:8,1
DA:12,1
DA:15,1
LF:4
LH:4
BRF:0
BRH:0
end_of_record
TN:
SF:/Users/marquezc/Documents/projects/personal/zm-test/src/app/containers/header-container/header-container.component.ts
FN:12,(anonymous_3)
FN:16,HeaderContainerComponent
FN:18,(anonymous_5)
FN:19,(anonymous_6)
FN:31,(anonymous_7)
FN:36,(anonymous_8)
FNF:6
FNH:1
FNDA:1,(anonymous_3)
FNDA:0,HeaderContainerComponent
FNDA:0,(anonymous_5)
FNDA:0,(anonymous_6)
FNDA:0,(anonymous_7)
FNDA:0,(anonymous_8)
DA:1,1
DA:2,1
DA:5,1
DA:12,1
DA:16,0
DA:17,0
DA:19,0
DA:20,0
DA:21,0
DA:22,0
DA:31,0
DA:32,0
DA:36,1
DA:37,1
LF:14
LH:6
BRF:0
BRH:0
end_of_record
TN:
SF:/Users/marquezc/Documents/projects/personal/zm-test/src/app/containers/header-container/header-container.service.ts
FN:11,(anonymous_2)
FN:15,HeaderContainerService
FN:19,(anonymous_4)
FN:23,(anonymous_5)
FN:26,(anonymous_6)
FN:32,(anonymous_7)
FNF:6
FNH:1
FNDA:1,(anonymous_2)
FNDA:0,HeaderContainerService
FNDA:0,(anonymous_4)
FNDA:0,(anonymous_5)
FNDA:0,(anonymous_6)
FNDA:0,(anonymous_7)
DA:1,1
DA:2,1
DA:11,1
DA:12,0
DA:16,0
DA:19,1
DA:20,0
DA:23,0
DA:26,1
DA:29,0
DA:32,1
DA:33,0
DA:35,1
LF:13
LH:7
BRF:0
BRH:0
end_of_record
TN:
SF:/Users/marquezc/Documents/projects/personal/zm-test/src/app/containers/votes/post.service.ts
FN:11,(anonymous_2)
FN:17,PostService
FN:21,(anonymous_4)
FN:25,(anonymous_5)
FN:28,(anonymous_6)
FN:32,(anonymous_7)
FN:36,(anonymous_8)
FN:40,(anonymous_9)
FNF:8
FNH:1
FNDA:1,(anonymous_2)
FNDA:0,PostService
FNDA:0,(anonymous_4)
FNDA:0,(anonymous_5)
FNDA:0,(anonymous_6)
FNDA:0,(anonymous_7)
FNDA:0,(anonymous_8)
FNDA:0,(anonymous_9)
DA:1,1
DA:3,1
DA:11,1
DA:12,0
DA:15,0
DA:18,0
DA:21,1
DA:22,0
DA:25,0
DA:28,1
DA:29,0
DA:32,1
DA:33,0
DA:36,1
DA:37,0
DA:40,1
DA:41,0
DA:43,1
LF:18
LH:9
BRF:0
BRH:0
end_of_record
TN:
SF:/Users/marquezc/Documents/projects/personal/zm-test/src/app/containers/votes/votes.component.ts
FN:13,(anonymous_3)
FN:16,VotesComponent
FN:18,(anonymous_5)
FN:19,(anonymous_6)
FN:33,(anonymous_7)
FNF:5
FNH:2
FNDA:1,(anonymous_3)
FNDA:1,VotesComponent
FNDA:0,(anonymous_5)
FNDA:0,(anonymous_6)
FNDA:0,(anonymous_7)
DA:1,1
DA:3,1
DA:5,1
DA:13,1
DA:16,1
DA:17,1
DA:19,0
DA:20,0
DA:21,0
DA:23,0
DA:33,1
DA:34,1
LF:12
LH:8
BRF:0
BRH:0
end_of_record
